<?xml version="1.0" encoding="UTF-8"?>
<testng-results skipped="0" failed="0" ignored="0" total="1" passed="1">
  <reporter-output>
  </reporter-output>
  <suite name="Default suite" duration-ms="30996" started-at="2021-09-14T09:47:33 IST" finished-at="2021-09-14T09:48:04 IST">
    <groups>
    </groups>
    <test name="Default test" duration-ms="30996" started-at="2021-09-14T09:47:33 IST" finished-at="2021-09-14T09:48:04 IST">
      <class name="shoppingCart.TC_08Test">
        <test-method status="PASS" signature="preCondition()[pri:0, instance:shoppingCart.TC_08Test@cb0ed20]" name="preCondition" is-config="true" duration-ms="5074" started-at="2021-09-14T09:47:33 IST" finished-at="2021-09-14T09:47:38 IST">
          <reporter-output>
          </reporter-output>
        </test-method> <!-- preCondition -->
        <test-method status="PASS" signature="removeMultiple()[pri:0, instance:shoppingCart.TC_08Test@cb0ed20]" name="removeMultiple" duration-ms="25211" started-at="2021-09-14T09:47:38 IST" finished-at="2021-09-14T09:48:03 IST">
          <reporter-output>
          </reporter-output>
        </test-method> <!-- removeMultiple -->
        <test-method status="PASS" signature="postCondition()[pri:0, instance:shoppingCart.TC_08Test@cb0ed20]" name="postCondition" is-config="true" duration-ms="660" started-at="2021-09-14T09:48:03 IST" finished-at="2021-09-14T09:48:04 IST">
          <reporter-output>
          </reporter-output>
        </test-method> <!-- postCondition -->
      </class> <!-- shoppingCart.TC_08Test -->
    </test> <!-- Default test -->
  </suite> <!-- Default suite -->
</testng-results>
